Using pre-set license
Built from '2020.3/staging' branch; Version is '2020.3.18f1 (a7d1c678663c) revision 10998214'; Using compiler version '192528614'; Build Type 'Release'
OS: 'Windows 10 Pro; OS build 19043.1110; Version 2009; 64bit' Language: 'ru' Physical Memory: 8128 MB
BatchMode: 1, IsHumanControllingUs: 0, StartBugReporterOnCrash: 0, Is64bit: 1, IsPro: 0

COMMAND LINE ARGUMENTS:
E:\Unity\2020.3.18f1\Editor\Unity.exe
-adb2
-batchMode
-noUpm
-name
AssetImportWorker1
-projectPath
E:/ColorByNumber/ColorByNumber
-logFile
Logs/AssetImportWorker1.log
-srvPort
6464
Successfully changed project path to: E:/ColorByNumber/ColorByNumber
E:/ColorByNumber/ColorByNumber
Using Asset Import Pipeline V2.
Refreshing native plugins compatible for Editor in 247.61 ms, found 2 plugins.
Preloading 0 native plugins for Editor in 0.00 ms.
Initialize engine version: 2020.3.18f1 (a7d1c678663c)
[Subsystems] Discovering subsystems at path E:/Unity/2020.3.18f1/Editor/Data/Resources/UnitySubsystems
[Subsystems] Discovering subsystems at path E:/ColorByNumber/ColorByNumber/Assets
GfxDevice: creating device client; threaded=0
Direct3D:
    Version:  Direct3D 11.0 [level 11.1]
    Renderer: NVIDIA GeForce GTX 1050 Ti (ID=0x1c82)
    Vendor:   
    VRAM:     4018 MB
    Driver:   27.21.14.5671
Initialize mono
Mono path[0] = 'E:/Unity/2020.3.18f1/Editor/Data/Managed'
Mono path[1] = 'E:/Unity/2020.3.18f1/Editor/Data/MonoBleedingEdge/lib/mono/unityjit'
Mono config path = 'E:/Unity/2020.3.18f1/Editor/Data/MonoBleedingEdge/etc'
Using monoOptions --debugger-agent=transport=dt_socket,embedding=1,server=y,suspend=n,address=127.0.0.1:56988
Begin MonoManager ReloadAssembly
Registering precompiled unity dll's ...
Register platform support module: E:/Unity/2020.3.18f1/Editor/Data/PlaybackEngines/WindowsStandaloneSupport/UnityEditor.WindowsStandalone.Extensions.dll
Registered in 0.001345 seconds.
Native extension for WindowsStandalone target not found
Refreshing native plugins compatible for Editor in 280.26 ms, found 2 plugins.
Preloading 0 native plugins for Editor in 0.00 ms.
Mono: successfully reloaded assembly
- Completed reload, in  2.952 seconds
Domain Reload Profiling:
	ReloadAssembly (2953ms)
		BeginReloadAssembly (56ms)
			ExecutionOrderSort (0ms)
			DisableScriptedObjects (0ms)
			BackupInstance (0ms)
			ReleaseScriptingObjects (0ms)
			CreateAndSetChildDomain (1ms)
		EndReloadAssembly (788ms)
			LoadAssemblies (55ms)
			RebuildTransferFunctionScriptingTraits (0ms)
			SetupTypeCache (185ms)
			ReleaseScriptCaches (0ms)
			RebuildScriptCaches (38ms)
			SetupLoadedEditorAssemblies (440ms)
				LogAssemblyErrors (0ms)
				InitializePlatformSupportModulesInManaged (4ms)
				SetLoadedEditorAssemblies (0ms)
				RefreshPlugins (280ms)
				BeforeProcessingInitializeOnLoad (21ms)
				ProcessInitializeOnLoadAttributes (101ms)
				ProcessInitializeOnLoadMethodAttributes (34ms)
				AfterProcessingInitializeOnLoad (0ms)
				EditorAssembliesLoaded (0ms)
			ExecutionOrderSort2 (0ms)
			AwakeInstancesAfterBackupRestoration (0ms)
Platform modules already initialized, skipping
Registering precompiled user dll's ...
Registered in 0.004481 seconds.
Begin MonoManager ReloadAssembly
Native extension for WindowsStandalone target not found
Refreshing native plugins compatible for Editor in 298.27 ms, found 2 plugins.
Preloading 0 native plugins for Editor in 0.00 ms.
Mono: successfully reloaded assembly
- Completed reload, in  3.337 seconds
Domain Reload Profiling:
	ReloadAssembly (3341ms)
		BeginReloadAssembly (229ms)
			ExecutionOrderSort (0ms)
			DisableScriptedObjects (8ms)
			BackupInstance (0ms)
			ReleaseScriptingObjects (0ms)
			CreateAndSetChildDomain (29ms)
		EndReloadAssembly (3048ms)
			LoadAssemblies (658ms)
			RebuildTransferFunctionScriptingTraits (0ms)
			SetupTypeCache (1156ms)
			ReleaseScriptCaches (2ms)
			RebuildScriptCaches (124ms)
			SetupLoadedEditorAssemblies (959ms)
				LogAssemblyErrors (0ms)
				InitializePlatformSupportModulesInManaged (5ms)
				SetLoadedEditorAssemblies (0ms)
				RefreshPlugins (298ms)
				BeforeProcessingInitializeOnLoad (95ms)
				ProcessInitializeOnLoadAttributes (553ms)
				ProcessInitializeOnLoadMethodAttributes (5ms)
				AfterProcessingInitializeOnLoad (2ms)
				EditorAssembliesLoaded (0ms)
			ExecutionOrderSort2 (0ms)
			AwakeInstancesAfterBackupRestoration (8ms)
Platform modules already initialized, skipping
========================================================================
Worker process is ready to serve import requests
Launched and connected shader compiler UnityShaderCompiler.exe after 0.25 seconds
Refreshing native plugins compatible for Editor in 2.23 ms, found 2 plugins.
Preloading 0 native plugins for Editor in 0.00 ms.
Unloading 2734 Unused Serialized files (Serialized files now loaded: 0)
System memory in use before: 220.5 MB.
System memory in use after: 220.7 MB.

Unloading 16 unused Assets to reduce memory usage. Loaded Objects now: 3188.
Total: 3.761200 ms (FindLiveObjects: 0.286700 ms CreateObjectMapping: 0.329500 ms MarkObjects: 3.110600 ms  DeleteObjects: 0.033100 ms)

AssetImportParameters requested are different than current active one (requested -> active):
  custom:framework-win-MediaFoundation: 216162199b28c13a410421893ffa2e32 -> 
  custom:video-decoder-ogg-theora: a1e56fd34408186e4bbccfd4996cb3dc -> 
  custom:container-muxer-webm: aa71ff27fc2769a1b78a27578f13a17b -> 
  custom:container-demuxer-webm: 4f35f7cbe854078d1ac9338744f61a02 -> 
  custom:container-demuxer-ogg: 62fdf1f143b41e24485cea50d1cbac27 -> 
  custom:video-encoder-webm-vp8: eb34c28f22e8b96e1ab97ce403110664 -> 
  custom:video-codec-MediaFoundation-h265: 746d11721c4dcdbdad8f713fa42b33f4 -> 
  custom:video-decoder-webm-vp8: 9c59270c3fd7afecdb556c50c9e8de78 -> 
  custom:audio-decoder-ogg-vorbis: bf7c407c2cedff20999df2af8eb42d56 -> 
  custom:audio-encoder-webm-vorbis: bf7c407c2cedff20999df2af8eb42d56 -> 
========================================================================
Received Import Request.
  path: Assets/AxeyWorks/PolyWorks/Meshes/Rocks
  artifactKey: Guid(bc283b99e1f9bbb44aa86ea5559c7bfc) Importer(815301076,1909f56bfc062723c751e8b465ee728b)
Start importing Assets/AxeyWorks/PolyWorks/Meshes/Rocks using Guid(bc283b99e1f9bbb44aa86ea5559c7bfc) Importer(815301076,1909f56bfc062723c751e8b465ee728b)  -> (artifact id: '6c889d21d635e1d86b1e20c4eeca4be9') in 0.010641 seconds 
  Import took 0.024046 seconds .

========================================================================
Received Import Request.
  Time since last request: 205.803761 seconds.
  path: Assets/AxeyWorks/PolyWorks/MergedDemoFBX/Materials/2.mat
  artifactKey: Guid(231cb7918f38154478ae520eadbd1135) Importer(815301076,1909f56bfc062723c751e8b465ee728b)
Start importing Assets/AxeyWorks/PolyWorks/MergedDemoFBX/Materials/2.mat using Guid(231cb7918f38154478ae520eadbd1135) Importer(815301076,1909f56bfc062723c751e8b465ee728b)  -> (artifact id: 'ba1976c6275dc674e646686b1b7d3fab') in 0.299728 seconds 
  Import took 0.309960 seconds .

========================================================================
Received Import Request.
  Time since last request: 59.146458 seconds.
  path: Assets/AxeyWorks/PolyWorks/MergedDemoFBX/Materials/3.mat
  artifactKey: Guid(f948ca1e512f8a2439fbec67bb973737) Importer(815301076,1909f56bfc062723c751e8b465ee728b)
Start importing Assets/AxeyWorks/PolyWorks/MergedDemoFBX/Materials/3.mat using Guid(f948ca1e512f8a2439fbec67bb973737) Importer(815301076,1909f56bfc062723c751e8b465ee728b)  -> (artifact id: '4b0cb13fbc8a639f75f01deed9fe324a') in 0.019267 seconds 
  Import took 0.030762 seconds .

========================================================================
Received Import Request.
  Time since last request: 215.046603 seconds.
  path: Assets/AxeyWorks/PolyWorks/MergedDemoFBX/Materials/4.mat
  artifactKey: Guid(20f0bd104f426ee4c89711e36dbf1d04) Importer(815301076,1909f56bfc062723c751e8b465ee728b)
Start importing Assets/AxeyWorks/PolyWorks/MergedDemoFBX/Materials/4.mat using Guid(20f0bd104f426ee4c89711e36dbf1d04) Importer(815301076,1909f56bfc062723c751e8b465ee728b)  -> (artifact id: 'c623eba1de36dcb6e5f8670d8576acc8') in 0.019439 seconds 
  Import took 0.031507 seconds .

========================================================================
Received Import Request.
  Time since last request: 78.931049 seconds.
  path: Assets/AxeyWorks/PolyWorks/MergedDemoFBX/Materials/Cave
  artifactKey: Guid(c6f07a490d9f1ae489aeab8f70fb508b) Importer(815301076,1909f56bfc062723c751e8b465ee728b)
Start importing Assets/AxeyWorks/PolyWorks/MergedDemoFBX/Materials/Cave using Guid(c6f07a490d9f1ae489aeab8f70fb508b) Importer(815301076,1909f56bfc062723c751e8b465ee728b)  -> (artifact id: 'c85f91064ca5978157a61a59b87a86b3') in 0.010875 seconds 
  Import took 0.023375 seconds .

========================================================================
Received Import Request.
  Time since last request: 0.061353 seconds.
  path: Assets/AxeyWorks/PolyWorks/MergedDemoFBX/Materials/Cave/1.mat
  artifactKey: Guid(c0f8a3cb10fbb264c8ecb742b761ebef) Importer(815301076,1909f56bfc062723c751e8b465ee728b)
Start importing Assets/AxeyWorks/PolyWorks/MergedDemoFBX/Materials/Cave/1.mat using Guid(c0f8a3cb10fbb264c8ecb742b761ebef) Importer(815301076,1909f56bfc062723c751e8b465ee728b)  -> (artifact id: '9f9b81a88325ab287ccc20555b9979d8') in 0.018722 seconds 
  Import took 0.028306 seconds .

========================================================================
Received Import Request.
  Time since last request: 85.720802 seconds.
  path: Assets/AxeyWorks/PolyWorks/MergedDemoFBX/Materials/5.mat
  artifactKey: Guid(1fda67f03faabe94db8aaec65e403241) Importer(815301076,1909f56bfc062723c751e8b465ee728b)
Start importing Assets/AxeyWorks/PolyWorks/MergedDemoFBX/Materials/5.mat using Guid(1fda67f03faabe94db8aaec65e403241) Importer(815301076,1909f56bfc062723c751e8b465ee728b)  -> (artifact id: '65939ba4446f96e12ed15919535390c8') in 0.021708 seconds 
  Import took 0.032541 seconds .

========================================================================
Received Import Request.
  Time since last request: 76.164454 seconds.
  path: Assets/AxeyWorks/PolyWorks/Meshes/Crystals/Materials/6.mat
  artifactKey: Guid(621fb168e083e8e41a579b5c1bd37028) Importer(815301076,1909f56bfc062723c751e8b465ee728b)
Start importing Assets/AxeyWorks/PolyWorks/Meshes/Crystals/Materials/6.mat using Guid(621fb168e083e8e41a579b5c1bd37028) Importer(815301076,1909f56bfc062723c751e8b465ee728b)  -> (artifact id: 'e550c1dd5990aca7ba832b445981a7bf') in 0.018258 seconds 
  Import took 0.029460 seconds .

========================================================================
Received Import Request.
  Time since last request: 158.855025 seconds.
  path: Assets/AxeyWorks/PolyWorks/Meshes/Vegetation/Blendered/Node.fbx
  artifactKey: Guid(17f372097bf719b45aef8ce0044df3e4) Importer(815301076,1909f56bfc062723c751e8b465ee728b)
Start importing Assets/AxeyWorks/PolyWorks/Meshes/Vegetation/Blendered/Node.fbx using Guid(17f372097bf719b45aef8ce0044df3e4) Importer(815301076,1909f56bfc062723c751e8b465ee728b)  -> (artifact id: 'a53bf65de037d536c7fb6077021efbf3') in 0.118830 seconds 
  Import took 0.128670 seconds .

========================================================================
Received Import Request.
  Time since last request: 196.555685 seconds.
  path: Assets/AxeyWorks/PolyWorks/MergedDemoFBX/Materials/7.mat
  artifactKey: Guid(0696b013dcefda940a0cc9980278a668) Importer(815301076,1909f56bfc062723c751e8b465ee728b)
Start importing Assets/AxeyWorks/PolyWorks/MergedDemoFBX/Materials/7.mat using Guid(0696b013dcefda940a0cc9980278a668) Importer(815301076,1909f56bfc062723c751e8b465ee728b)  -> (artifact id: 'aa409c5e56e4c4eca214eb895aba6035') in 0.107328 seconds 
  Import took 0.118400 seconds .

========================================================================
Received Import Request.
  Time since last request: 83.645801 seconds.
  path: Assets/AxeyWorks/PolyWorks/MergedDemoFBX/Materials/8.mat
  artifactKey: Guid(73e7e3d36ee5a8c4984de6ab21c9db9e) Importer(815301076,1909f56bfc062723c751e8b465ee728b)
Start importing Assets/AxeyWorks/PolyWorks/MergedDemoFBX/Materials/8.mat using Guid(73e7e3d36ee5a8c4984de6ab21c9db9e) Importer(815301076,1909f56bfc062723c751e8b465ee728b)  -> (artifact id: 'c531be76639670d607f1d857ce3abf69') in 0.018756 seconds 
  Import took 0.028921 seconds .

========================================================================
Received Import Request.
  Time since last request: 278.240478 seconds.
  path: Assets/AxeyWorks/PolyWorks/MergedDemoFBX/Materials/Cave/8 1.mat
  artifactKey: Guid(d4296381dd9e79b43921c37d1881df50) Importer(815301076,1909f56bfc062723c751e8b465ee728b)
Start importing Assets/AxeyWorks/PolyWorks/MergedDemoFBX/Materials/Cave/8 1.mat using Guid(d4296381dd9e79b43921c37d1881df50) Importer(815301076,1909f56bfc062723c751e8b465ee728b)  -> (artifact id: '5b5b90a7158fec6a27d21305318d74d8') in 0.017091 seconds 
  Import took 0.027454 seconds .

========================================================================
Received Import Request.
  Time since last request: 4.699108 seconds.
  path: Assets/AxeyWorks/PolyWorks/MergedDemoFBX/Materials/Cave/9.mat
  artifactKey: Guid(d4296381dd9e79b43921c37d1881df50) Importer(815301076,1909f56bfc062723c751e8b465ee728b)
Start importing Assets/AxeyWorks/PolyWorks/MergedDemoFBX/Materials/Cave/9.mat using Guid(d4296381dd9e79b43921c37d1881df50) Importer(815301076,1909f56bfc062723c751e8b465ee728b)  -> (artifact id: 'f82a68c7f4e391174456e0a72d5393d9') in 0.023317 seconds 
  Import took 0.035801 seconds .

========================================================================
Received Import Request.
  Time since last request: 480.790851 seconds.
  path: Assets/AxeyWorks/PolyWorks/MergedDemoFBX/Materials/Cave/5 1.mat
  artifactKey: Guid(8ff1a6ef634abc84b869d583da10edb2) Importer(815301076,1909f56bfc062723c751e8b465ee728b)
Start importing Assets/AxeyWorks/PolyWorks/MergedDemoFBX/Materials/Cave/5 1.mat using Guid(8ff1a6ef634abc84b869d583da10edb2) Importer(815301076,1909f56bfc062723c751e8b465ee728b)  -> (artifact id: '584084c16190a6618b6200c7485f2e4f') in 0.013621 seconds 
  Import took 0.024024 seconds .

========================================================================
Received Import Request.
  Time since last request: 8.037936 seconds.
  path: Assets/AxeyWorks/PolyWorks/MergedDemoFBX/Materials/Cave/10.mat
  artifactKey: Guid(8ff1a6ef634abc84b869d583da10edb2) Importer(815301076,1909f56bfc062723c751e8b465ee728b)
Start importing Assets/AxeyWorks/PolyWorks/MergedDemoFBX/Materials/Cave/10.mat using Guid(8ff1a6ef634abc84b869d583da10edb2) Importer(815301076,1909f56bfc062723c751e8b465ee728b)  -> (artifact id: '24f80a3969904f5fb0b3f91066fef1bc') in 0.019307 seconds 
  Import took 0.028716 seconds .

========================================================================
Received Import Request.
  Time since last request: 626.354299 seconds.
  path: Assets/AxeyWorks/PolyWorks/Meshes/Vegetation/Blendered/Grain.fbx
  artifactKey: Guid(8bd781669cb1073479e961ebcae71f3c) Importer(815301076,1909f56bfc062723c751e8b465ee728b)
Start importing Assets/AxeyWorks/PolyWorks/Meshes/Vegetation/Blendered/Grain.fbx using Guid(8bd781669cb1073479e961ebcae71f3c) Importer(815301076,1909f56bfc062723c751e8b465ee728b)  -> (artifact id: 'f205b74b387c8d5affbf34ace8aadfe1') in 0.075095 seconds 
  Import took 0.090703 seconds .

========================================================================
Received Import Request.
  Time since last request: 2172.853049 seconds.
  path: Assets/AxeyWorks/PolyWorks/Meshes/Vegetation/Blendered/Train.fbx
  artifactKey: Guid(645ebeada0e658a4797732b5b99aae4c) Importer(815301076,1909f56bfc062723c751e8b465ee728b)
Start importing Assets/AxeyWorks/PolyWorks/Meshes/Vegetation/Blendered/Train.fbx using Guid(645ebeada0e658a4797732b5b99aae4c) Importer(815301076,1909f56bfc062723c751e8b465ee728b)  -> (artifact id: 'aac9cc74472885fdb2dca8c919881e5c') in 0.066820 seconds 
  Import took 0.084083 seconds .

========================================================================
Received Import Request.
  Time since last request: 173.777815 seconds.
  path: Assets/AxeyWorks/PolyWorks/Meshes/Vegetation/Blendered/Mine.fbx
  artifactKey: Guid(9f1d77b2cc65dfa44b80d1bec152c653) Importer(815301076,1909f56bfc062723c751e8b465ee728b)
Start importing Assets/AxeyWorks/PolyWorks/Meshes/Vegetation/Blendered/Mine.fbx using Guid(9f1d77b2cc65dfa44b80d1bec152c653) Importer(815301076,1909f56bfc062723c751e8b465ee728b)  -> (artifact id: '403b743d927874073187139ef6a9710c') in 0.065968 seconds 
  Import took 0.078013 seconds .

========================================================================
Received Import Request.
  Time since last request: 17057.343912 seconds.
  path: Assets/AxeyWorks/PolyWorks/MergedDemoFBX/Materials/11.mat
  artifactKey: Guid(9ae5bdb8966d1e4488af82cd606556a8) Importer(815301076,1909f56bfc062723c751e8b465ee728b)
Start importing Assets/AxeyWorks/PolyWorks/MergedDemoFBX/Materials/11.mat using Guid(9ae5bdb8966d1e4488af82cd606556a8) Importer(815301076,1909f56bfc062723c751e8b465ee728b)  -> (artifact id: '245b9d27565de02064374236fc1695d9') in 0.029825 seconds 
  Import took 0.042503 seconds .

========================================================================
Received Import Request.
  Time since last request: 19.761740 seconds.
  path: Assets/AxeyWorks/PolyWorks/MergedDemoFBX/Materials/12.mat
  artifactKey: Guid(249d986ef02153648a330ef20970769d) Importer(815301076,1909f56bfc062723c751e8b465ee728b)
Start importing Assets/AxeyWorks/PolyWorks/MergedDemoFBX/Materials/12.mat using Guid(249d986ef02153648a330ef20970769d) Importer(815301076,1909f56bfc062723c751e8b465ee728b)  -> (artifact id: '648d13ede6d9612210b2c2f283901150') in 0.016607 seconds 
  Import took 0.026069 seconds .

========================================================================
Received Import Request.
  Time since last request: 148.977448 seconds.
  path: Assets/AxeyWorks/PolyWorks/MergedDemoFBX/Materials/13.mat
  artifactKey: Guid(1cacde80e61be6146a82b3b1f8c00916) Importer(815301076,1909f56bfc062723c751e8b465ee728b)
Start importing Assets/AxeyWorks/PolyWorks/MergedDemoFBX/Materials/13.mat using Guid(1cacde80e61be6146a82b3b1f8c00916) Importer(815301076,1909f56bfc062723c751e8b465ee728b)  -> (artifact id: '62c2471b9bbe81984cb5cd58b20f1802') in 0.022612 seconds 
  Import took 0.034302 seconds .

========================================================================
Received Import Request.
  Time since last request: 229.085372 seconds.
  path: Assets/AxeyWorks/PolyWorks/MergedDemoFBX/Materials/15.mat
  artifactKey: Guid(85fadbf7b9534c1439b8a6eb2340f2dd) Importer(815301076,1909f56bfc062723c751e8b465ee728b)
Start importing Assets/AxeyWorks/PolyWorks/MergedDemoFBX/Materials/15.mat using Guid(85fadbf7b9534c1439b8a6eb2340f2dd) Importer(815301076,1909f56bfc062723c751e8b465ee728b)  -> (artifact id: '943797071641f0315496af6eb29a001a') in 0.016746 seconds 
  Import took 0.028851 seconds .

========================================================================
Received Import Request.
  Time since last request: 122.923816 seconds.
  path: Assets/AxeyWorks/PolyWorks/MergedDemoFBX/Materials/14.mat
  artifactKey: Guid(edbcc885b6bb4774ca1c035c71d2b461) Importer(815301076,1909f56bfc062723c751e8b465ee728b)
Start importing Assets/AxeyWorks/PolyWorks/MergedDemoFBX/Materials/14.mat using Guid(edbcc885b6bb4774ca1c035c71d2b461) Importer(815301076,1909f56bfc062723c751e8b465ee728b)  -> (artifact id: 'ec5ab8f60a95d0c9a3985616dd5dea96') in 0.022601 seconds 
  Import took 0.035738 seconds .

========================================================================
Received Import Request.
  Time since last request: 168.363206 seconds.
  path: Assets/AxeyWorks/PolyWorks/MergedDemoFBX/Materials/Cave/2 1.mat
  artifactKey: Guid(0912082af9bcdaf42b3c83b13fce15de) Importer(815301076,1909f56bfc062723c751e8b465ee728b)
Start importing Assets/AxeyWorks/PolyWorks/MergedDemoFBX/Materials/Cave/2 1.mat using Guid(0912082af9bcdaf42b3c83b13fce15de) Importer(815301076,1909f56bfc062723c751e8b465ee728b)  -> (artifact id: 'fac2ca224eb8edf58c05b4fde4f9ea1a') in 0.017054 seconds 
  Import took 0.025348 seconds .

========================================================================
Received Import Request.
  Time since last request: 5.792080 seconds.
  path: Assets/AxeyWorks/PolyWorks/MergedDemoFBX/Materials/Cave/16.mat
  artifactKey: Guid(0912082af9bcdaf42b3c83b13fce15de) Importer(815301076,1909f56bfc062723c751e8b465ee728b)
Start importing Assets/AxeyWorks/PolyWorks/MergedDemoFBX/Materials/Cave/16.mat using Guid(0912082af9bcdaf42b3c83b13fce15de) Importer(815301076,1909f56bfc062723c751e8b465ee728b)  -> (artifact id: '08efa8ad6a370fda6597ed1a8e22921b') in 0.016686 seconds 
  Import took 0.026598 seconds .

========================================================================
Received Import Request.
  Time since last request: 746.126809 seconds.
  path: Assets/AxeyWorks/PolyWorks/MergedDemoFBX/Materials/Cave/7.mat
  artifactKey: Guid(0696b013dcefda940a0cc9980278a668) Importer(815301076,1909f56bfc062723c751e8b465ee728b)
Start importing Assets/AxeyWorks/PolyWorks/MergedDemoFBX/Materials/Cave/7.mat using Guid(0696b013dcefda940a0cc9980278a668) Importer(815301076,1909f56bfc062723c751e8b465ee728b)  -> (artifact id: 'ddf654551f7f59d6c40b73261425e192') in 0.117386 seconds 
  Import took 0.128991 seconds .

========================================================================
Received Prepare
Registering precompiled user dll's ...
Registered in 0.006390 seconds.
Begin MonoManager ReloadAssembly
Native extension for WindowsStandalone target not found
Refreshing native plugins compatible for Editor in 3.93 ms, found 2 plugins.
Preloading 0 native plugins for Editor in 0.00 ms.
Mono: successfully reloaded assembly
- Completed reload, in  1.610 seconds
Domain Reload Profiling:
	ReloadAssembly (1611ms)
		BeginReloadAssembly (314ms)
			ExecutionOrderSort (0ms)
			DisableScriptedObjects (32ms)
			BackupInstance (0ms)
			ReleaseScriptingObjects (0ms)
			CreateAndSetChildDomain (141ms)
		EndReloadAssembly (1208ms)
			LoadAssemblies (113ms)
			RebuildTransferFunctionScriptingTraits (0ms)
			SetupTypeCache (393ms)
			ReleaseScriptCaches (1ms)
			RebuildScriptCaches (59ms)
			SetupLoadedEditorAssemblies (479ms)
				LogAssemblyErrors (0ms)
				InitializePlatformSupportModulesInManaged (7ms)
				SetLoadedEditorAssemblies (1ms)
				RefreshPlugins (4ms)
				BeforeProcessingInitializeOnLoad (100ms)
				ProcessInitializeOnLoadAttributes (358ms)
				ProcessInitializeOnLoadMethodAttributes (6ms)
				AfterProcessingInitializeOnLoad (3ms)
				EditorAssembliesLoaded (0ms)
			ExecutionOrderSort2 (0ms)
			AwakeInstancesAfterBackupRestoration (20ms)
Platform modules already initialized, skipping
Switching build target platform(19) subTarget(0) extendedPlatform(0) -> platform(13) subTarget(537395200) extendedPlatform(0)
Refreshing native plugins compatible for Editor in 2.47 ms, found 2 plugins.
Preloading 0 native plugins for Editor in 0.00 ms.
Unloading 2614 Unused Serialized files (Serialized files now loaded: 0)
System memory in use before: 216.3 MB.
System memory in use after: 216.5 MB.

Unloading 12 unused Assets to reduce memory usage. Loaded Objects now: 3271.
Total: 4.507000 ms (FindLiveObjects: 0.362500 ms CreateObjectMapping: 0.282700 ms MarkObjects: 3.830500 ms  DeleteObjects: 0.029100 ms)

AssetImportParameters requested are different than current active one (requested -> active):
  custom:framework-win-MediaFoundation: 216162199b28c13a410421893ffa2e32 -> 
  custom:video-decoder-ogg-theora: a1e56fd34408186e4bbccfd4996cb3dc -> 
  custom:container-muxer-webm: aa71ff27fc2769a1b78a27578f13a17b -> 
  custom:container-demuxer-webm: 4f35f7cbe854078d1ac9338744f61a02 -> 
  custom:container-demuxer-ogg: 62fdf1f143b41e24485cea50d1cbac27 -> 
  custom:video-encoder-webm-vp8: eb34c28f22e8b96e1ab97ce403110664 -> 
  custom:video-codec-MediaFoundation-h265: 746d11721c4dcdbdad8f713fa42b33f4 -> 
  custom:video-decoder-webm-vp8: 9c59270c3fd7afecdb556c50c9e8de78 -> 
  custom:graphics/normal-map-encoding: 01000000000000000000000000000000 -> 02000000000000000000000000000000
  custom:audio-decoder-ogg-vorbis: bf7c407c2cedff20999df2af8eb42d56 -> 
  custom:audio-encoder-webm-vorbis: bf7c407c2cedff20999df2af8eb42d56 -> 
========================================================================
Received Prepare
Registering precompiled user dll's ...
Registered in 0.006189 seconds.
Begin MonoManager ReloadAssembly
Native extension for WindowsStandalone target not found
Refreshing native plugins compatible for Editor in 2.30 ms, found 2 plugins.
Preloading 0 native plugins for Editor in 0.00 ms.
Mono: successfully reloaded assembly
- Completed reload, in  1.420 seconds
Domain Reload Profiling:
	ReloadAssembly (1420ms)
		BeginReloadAssembly (124ms)
			ExecutionOrderSort (0ms)
			DisableScriptedObjects (5ms)
			BackupInstance (0ms)
			ReleaseScriptingObjects (0ms)
			CreateAndSetChildDomain (39ms)
		EndReloadAssembly (1229ms)
			LoadAssemblies (101ms)
			RebuildTransferFunctionScriptingTraits (0ms)
			SetupTypeCache (359ms)
			ReleaseScriptCaches (1ms)
			RebuildScriptCaches (65ms)
			SetupLoadedEditorAssemblies (502ms)
				LogAssemblyErrors (0ms)
				InitializePlatformSupportModulesInManaged (5ms)
				SetLoadedEditorAssemblies (0ms)
				RefreshPlugins (2ms)
				BeforeProcessingInitializeOnLoad (107ms)
				ProcessInitializeOnLoadAttributes (375ms)
				ProcessInitializeOnLoadMethodAttributes (8ms)
				AfterProcessingInitializeOnLoad (3ms)
				EditorAssembliesLoaded (0ms)
			ExecutionOrderSort2 (0ms)
			AwakeInstancesAfterBackupRestoration (25ms)
Platform modules already initialized, skipping
Switching build target platform(19) subTarget(0) extendedPlatform(0) -> platform(13) subTarget(537395200) extendedPlatform(0)
Refreshing native plugins compatible for Editor in 2.41 ms, found 2 plugins.
Preloading 0 native plugins for Editor in 0.00 ms.
Unloading 2614 Unused Serialized files (Serialized files now loaded: 0)
System memory in use before: 216.4 MB.
System memory in use after: 216.6 MB.

Unloading 12 unused Assets to reduce memory usage. Loaded Objects now: 3273.
Total: 6.523600 ms (FindLiveObjects: 0.478600 ms CreateObjectMapping: 0.251800 ms MarkObjects: 5.764800 ms  DeleteObjects: 0.026400 ms)

AssetImportParameters requested are different than current active one (requested -> active):
  custom:framework-win-MediaFoundation: 216162199b28c13a410421893ffa2e32 -> 
  custom:video-decoder-ogg-theora: a1e56fd34408186e4bbccfd4996cb3dc -> 
  custom:container-muxer-webm: aa71ff27fc2769a1b78a27578f13a17b -> 
  custom:container-demuxer-webm: 4f35f7cbe854078d1ac9338744f61a02 -> 
  custom:container-demuxer-ogg: 62fdf1f143b41e24485cea50d1cbac27 -> 
  custom:video-encoder-webm-vp8: eb34c28f22e8b96e1ab97ce403110664 -> 
  custom:video-codec-MediaFoundation-h265: 746d11721c4dcdbdad8f713fa42b33f4 -> 
  custom:video-decoder-webm-vp8: 9c59270c3fd7afecdb556c50c9e8de78 -> 
  custom:graphics/normal-map-encoding: 01000000000000000000000000000000 -> 02000000000000000000000000000000
  custom:audio-decoder-ogg-vorbis: bf7c407c2cedff20999df2af8eb42d56 -> 
  custom:audio-encoder-webm-vorbis: bf7c407c2cedff20999df2af8eb42d56 -> 
========================================================================
Received Prepare
Registering precompiled user dll's ...
Registered in 0.005768 seconds.
Begin MonoManager ReloadAssembly
Native extension for WindowsStandalone target not found
Refreshing native plugins compatible for Editor in 2.31 ms, found 2 plugins.
Preloading 0 native plugins for Editor in 0.00 ms.
Mono: successfully reloaded assembly
- Completed reload, in  1.209 seconds
Domain Reload Profiling:
	ReloadAssembly (1210ms)
		BeginReloadAssembly (120ms)
			ExecutionOrderSort (0ms)
			DisableScriptedObjects (5ms)
			BackupInstance (0ms)
			ReleaseScriptingObjects (0ms)
			CreateAndSetChildDomain (36ms)
		EndReloadAssembly (1033ms)
			LoadAssemblies (89ms)
			RebuildTransferFunctionScriptingTraits (0ms)
			SetupTypeCache (380ms)
			ReleaseScriptCaches (1ms)
			RebuildScriptCaches (49ms)
			SetupLoadedEditorAssemblies (350ms)
				LogAssemblyErrors (0ms)
				InitializePlatformSupportModulesInManaged (6ms)
				SetLoadedEditorAssemblies (0ms)
				RefreshPlugins (2ms)
				BeforeProcessingInitializeOnLoad (100ms)
				ProcessInitializeOnLoadAttributes (234ms)
				ProcessInitializeOnLoadMethodAttributes (5ms)
				AfterProcessingInitializeOnLoad (2ms)
				EditorAssembliesLoaded (0ms)
			ExecutionOrderSort2 (0ms)
			AwakeInstancesAfterBackupRestoration (20ms)
Platform modules already initialized, skipping
Switching build target platform(19) subTarget(0) extendedPlatform(0) -> platform(13) subTarget(537395200) extendedPlatform(0)
Refreshing native plugins compatible for Editor in 2.35 ms, found 2 plugins.
Preloading 0 native plugins for Editor in 0.00 ms.
Unloading 2614 Unused Serialized files (Serialized files now loaded: 0)
System memory in use before: 216.4 MB.
System memory in use after: 216.6 MB.

Unloading 12 unused Assets to reduce memory usage. Loaded Objects now: 3275.
Total: 10.038700 ms (FindLiveObjects: 1.413000 ms CreateObjectMapping: 2.172400 ms MarkObjects: 6.423500 ms  DeleteObjects: 0.028100 ms)

AssetImportParameters requested are different than current active one (requested -> active):
  custom:framework-win-MediaFoundation: 216162199b28c13a410421893ffa2e32 -> 
  custom:video-decoder-ogg-theora: a1e56fd34408186e4bbccfd4996cb3dc -> 
  custom:container-muxer-webm: aa71ff27fc2769a1b78a27578f13a17b -> 
  custom:container-demuxer-webm: 4f35f7cbe854078d1ac9338744f61a02 -> 
  custom:container-demuxer-ogg: 62fdf1f143b41e24485cea50d1cbac27 -> 
  custom:video-encoder-webm-vp8: eb34c28f22e8b96e1ab97ce403110664 -> 
  custom:video-codec-MediaFoundation-h265: 746d11721c4dcdbdad8f713fa42b33f4 -> 
  custom:video-decoder-webm-vp8: 9c59270c3fd7afecdb556c50c9e8de78 -> 
  custom:graphics/normal-map-encoding: 01000000000000000000000000000000 -> 02000000000000000000000000000000
  custom:audio-decoder-ogg-vorbis: bf7c407c2cedff20999df2af8eb42d56 -> 
  custom:audio-encoder-webm-vorbis: bf7c407c2cedff20999df2af8eb42d56 -> 
AssetImportWorkerClient::OnTransportError - code=2 error=End of file
