Using pre-set license
Built from '2020.3/staging' branch; Version is '2020.3.30f1 (1fb1bf06830e) revision 2077119'; Using compiler version '192528614'; Build Type 'Release'
OS: 'Windows 10  (10.0.19043) 64bit Core' Language: 'ru' Physical Memory: 8076 MB
BatchMode: 1, IsHumanControllingUs: 0, StartBugReporterOnCrash: 0, Is64bit: 1, IsPro: 0

COMMAND LINE ARGUMENTS:
D:\Mura\Unity\2020.3.30f1\Editor\Unity.exe
-adb2
-batchMode
-noUpm
-name
AssetImportWorker0
-projectPath
E:/Color/ColorByNumber
-logFile
Logs/AssetImportWorker0.log
-srvPort
57697
Successfully changed project path to: E:/Color/ColorByNumber
E:/Color/ColorByNumber
Using Asset Import Pipeline V2.
Refreshing native plugins compatible for Editor in 256.98 ms, found 2 plugins.
Preloading 0 native plugins for Editor in 0.00 ms.
Initialize engine version: 2020.3.30f1 (1fb1bf06830e)
[Subsystems] Discovering subsystems at path D:/Mura/Unity/2020.3.30f1/Editor/Data/Resources/UnitySubsystems
[Subsystems] Discovering subsystems at path E:/Color/ColorByNumber/Assets
GfxDevice: creating device client; threaded=0
Direct3D:
    Version:  Direct3D 11.0 [level 11.1]
    Renderer: NVIDIA GeForce MX150 (ID=0x1d12)
    Vendor:   
    VRAM:     1983 MB
    Driver:   23.21.13.9135
Initialize mono
Mono path[0] = 'D:/Mura/Unity/2020.3.30f1/Editor/Data/Managed'
Mono path[1] = 'D:/Mura/Unity/2020.3.30f1/Editor/Data/MonoBleedingEdge/lib/mono/unityjit'
Mono config path = 'D:/Mura/Unity/2020.3.30f1/Editor/Data/MonoBleedingEdge/etc'
Using monoOptions --debugger-agent=transport=dt_socket,embedding=1,server=y,suspend=n,address=127.0.0.1:56952
Begin MonoManager ReloadAssembly
Registering precompiled unity dll's ...
Register platform support module: D:/Mura/Unity/2020.3.30f1/Editor/Data/PlaybackEngines/WindowsStandaloneSupport/UnityEditor.WindowsStandalone.Extensions.dll
Registered in 0.001171 seconds.
Native extension for WindowsStandalone target not found
Refreshing native plugins compatible for Editor in 274.36 ms, found 2 plugins.
Preloading 0 native plugins for Editor in 0.00 ms.
Mono: successfully reloaded assembly
- Completed reload, in  0.873 seconds
Domain Reload Profiling:
	ReloadAssembly (873ms)
		BeginReloadAssembly (63ms)
			ExecutionOrderSort (0ms)
			DisableScriptedObjects (0ms)
			BackupInstance (0ms)
			ReleaseScriptingObjects (0ms)
			CreateAndSetChildDomain (1ms)
		EndReloadAssembly (739ms)
			LoadAssemblies (62ms)
			RebuildTransferFunctionScriptingTraits (0ms)
			SetupTypeCache (165ms)
			ReleaseScriptCaches (0ms)
			RebuildScriptCaches (36ms)
			SetupLoadedEditorAssemblies (414ms)
				LogAssemblyErrors (0ms)
				InitializePlatformSupportModulesInManaged (5ms)
				SetLoadedEditorAssemblies (0ms)
				RefreshPlugins (274ms)
				BeforeProcessingInitializeOnLoad (16ms)
				ProcessInitializeOnLoadAttributes (88ms)
				ProcessInitializeOnLoadMethodAttributes (30ms)
				AfterProcessingInitializeOnLoad (0ms)
				EditorAssembliesLoaded (0ms)
			ExecutionOrderSort2 (0ms)
			AwakeInstancesAfterBackupRestoration (0ms)
Platform modules already initialized, skipping
Registering precompiled user dll's ...
Registered in 0.005415 seconds.
Begin MonoManager ReloadAssembly
Native extension for WindowsStandalone target not found
Refreshing native plugins compatible for Editor in 339.16 ms, found 2 plugins.
Preloading 0 native plugins for Editor in 0.00 ms.
Mono: successfully reloaded assembly
- Completed reload, in  1.511 seconds
Domain Reload Profiling:
	ReloadAssembly (1512ms)
		BeginReloadAssembly (162ms)
			ExecutionOrderSort (0ms)
			DisableScriptedObjects (5ms)
			BackupInstance (0ms)
			ReleaseScriptingObjects (0ms)
			CreateAndSetChildDomain (20ms)
		EndReloadAssembly (1282ms)
			LoadAssemblies (104ms)
			RebuildTransferFunctionScriptingTraits (0ms)
			SetupTypeCache (342ms)
			ReleaseScriptCaches (1ms)
			RebuildScriptCaches (53ms)
			SetupLoadedEditorAssemblies (654ms)
				LogAssemblyErrors (0ms)
				InitializePlatformSupportModulesInManaged (3ms)
				SetLoadedEditorAssemblies (0ms)
				RefreshPlugins (339ms)
				BeforeProcessingInitializeOnLoad (89ms)
				ProcessInitializeOnLoadAttributes (210ms)
				ProcessInitializeOnLoadMethodAttributes (10ms)
				AfterProcessingInitializeOnLoad (3ms)
				EditorAssembliesLoaded (0ms)
			ExecutionOrderSort2 (0ms)
			AwakeInstancesAfterBackupRestoration (7ms)
Platform modules already initialized, skipping
========================================================================
Worker process is ready to serve import requests
Launched and connected shader compiler UnityShaderCompiler.exe after 0.10 seconds
Refreshing native plugins compatible for Editor in 2.34 ms, found 2 plugins.
Preloading 0 native plugins for Editor in 0.00 ms.
Unloading 2844 Unused Serialized files (Serialized files now loaded: 0)
System memory in use before: 207.6 MB.
System memory in use after: 207.8 MB.

Unloading 19 unused Assets to reduce memory usage. Loaded Objects now: 3285.
Total: 3.513300 ms (FindLiveObjects: 0.259000 ms CreateObjectMapping: 0.154300 ms MarkObjects: 3.016800 ms  DeleteObjects: 0.082300 ms)

AssetImportParameters requested are different than current active one (requested -> active):
  custom:framework-win-MediaFoundation: 216162199b28c13a410421893ffa2e32 -> 
  custom:video-decoder-ogg-theora: a1e56fd34408186e4bbccfd4996cb3dc -> 
  custom:container-muxer-webm: aa71ff27fc2769a1b78a27578f13a17b -> 
  custom:container-demuxer-webm: 4f35f7cbe854078d1ac9338744f61a02 -> 
  custom:container-demuxer-ogg: 62fdf1f143b41e24485cea50d1cbac27 -> 
  custom:video-encoder-webm-vp8: eb34c28f22e8b96e1ab97ce403110664 -> 
  custom:video-decoder-webm-vp8: 9c59270c3fd7afecdb556c50c9e8de78 -> 
  custom:audio-decoder-ogg-vorbis: bf7c407c2cedff20999df2af8eb42d56 -> 
  custom:audio-encoder-webm-vorbis: bf7c407c2cedff20999df2af8eb42d56 -> 
========================================================================
Received Import Request.
  path: Assets/AxeyWorks/PolyWorks/Prefabs/Flat/Abstract/Abstract_Modular_Alcove_Top_1.0_Beige_01.prefab
  artifactKey: Guid(b7ebcf0bc46fac74abfd6e9f6a896d96) Importer(815301076,1909f56bfc062723c751e8b465ee728b)
Start importing Assets/AxeyWorks/PolyWorks/Prefabs/Flat/Abstract/Abstract_Modular_Alcove_Top_1.0_Beige_01.prefab using Guid(b7ebcf0bc46fac74abfd6e9f6a896d96) Importer(815301076,1909f56bfc062723c751e8b465ee728b)  -> (artifact id: '42bad359de4629959d2814a24928ad21') in 1.240164 seconds 
========================================================================
Received Import Request.
  Time since last request: 0.000596 seconds.
  path: Assets/AxeyWorks/PolyWorks/Prefabs/Flat/Abstract/Abstract_Modular_Battlements_Back_Right_1.0_Beige_01.prefab
  artifactKey: Guid(c48a877f58732694896c2e8f49d76e99) Importer(815301076,1909f56bfc062723c751e8b465ee728b)
Start importing Assets/AxeyWorks/PolyWorks/Prefabs/Flat/Abstract/Abstract_Modular_Battlements_Back_Right_1.0_Beige_01.prefab using Guid(c48a877f58732694896c2e8f49d76e99) Importer(815301076,1909f56bfc062723c751e8b465ee728b)  -> (artifact id: '7aad853841a9dc787185472d008ddd6e') in 0.038044 seconds 
========================================================================
Received Import Request.
  Time since last request: 0.000427 seconds.
  path: Assets/AxeyWorks/PolyWorks/Prefabs/Flat/Abstract/Abstract_Modular_Block_0.125_Orange_01.prefab
  artifactKey: Guid(d89a85ae146aa9c45ace71e01c30de27) Importer(815301076,1909f56bfc062723c751e8b465ee728b)
Start importing Assets/AxeyWorks/PolyWorks/Prefabs/Flat/Abstract/Abstract_Modular_Block_0.125_Orange_01.prefab using Guid(d89a85ae146aa9c45ace71e01c30de27) Importer(815301076,1909f56bfc062723c751e8b465ee728b)  -> (artifact id: '756ce1b6fdbcc57d1e57070b2f4aa833') in 0.023214 seconds 
========================================================================
Received Import Request.
  Time since last request: 0.000446 seconds.
  path: Assets/AxeyWorks/PolyWorks/Prefabs/Flat/Abstract/Abstract_Modular_Battlements_Right_Tall_1.0_Beige_01.prefab
  artifactKey: Guid(16c58e19090a00c419abf503dc537669) Importer(815301076,1909f56bfc062723c751e8b465ee728b)
Start importing Assets/AxeyWorks/PolyWorks/Prefabs/Flat/Abstract/Abstract_Modular_Battlements_Right_Tall_1.0_Beige_01.prefab using Guid(16c58e19090a00c419abf503dc537669) Importer(815301076,1909f56bfc062723c751e8b465ee728b)  -> (artifact id: '49fa2497e2a097e6a089c3aff6051996') in 0.018206 seconds 
========================================================================
Received Import Request.
  Time since last request: 0.000364 seconds.
  path: Assets/AxeyWorks/PolyWorks/Prefabs/Flat/Abstract/Abstract_Modular_Block_0.125_Beige_01.prefab
  artifactKey: Guid(979994639d691b24eaeba3dcbe45e5d3) Importer(815301076,1909f56bfc062723c751e8b465ee728b)
Start importing Assets/AxeyWorks/PolyWorks/Prefabs/Flat/Abstract/Abstract_Modular_Block_0.125_Beige_01.prefab using Guid(979994639d691b24eaeba3dcbe45e5d3) Importer(815301076,1909f56bfc062723c751e8b465ee728b)  -> (artifact id: '2ffd09cb35d3ec486dec80335d39c037') in 0.018008 seconds 
========================================================================
Received Import Request.
  Time since last request: 0.000401 seconds.
  path: Assets/AxeyWorks/PolyWorks/Prefabs/Flat/Abstract/Abstract_Modular_Archway_Quad_1.0_Beige_01.prefab
  artifactKey: Guid(0779a81336861ac4e883a167256283eb) Importer(815301076,1909f56bfc062723c751e8b465ee728b)
Start importing Assets/AxeyWorks/PolyWorks/Prefabs/Flat/Abstract/Abstract_Modular_Archway_Quad_1.0_Beige_01.prefab using Guid(0779a81336861ac4e883a167256283eb) Importer(815301076,1909f56bfc062723c751e8b465ee728b)  -> (artifact id: '0bbf9f7cca06dea74abcddbb475f1063') in 0.018162 seconds 
========================================================================
Received Import Request.
  Time since last request: 0.000334 seconds.
  path: Assets/AxeyWorks/PolyWorks/Prefabs/Flat/Abstract/Abstract_Modular_Battlements_Front_Right_1.0_Beige_01.prefab
  artifactKey: Guid(157739cb136a1444a822169b4fb284f8) Importer(815301076,1909f56bfc062723c751e8b465ee728b)
Start importing Assets/AxeyWorks/PolyWorks/Prefabs/Flat/Abstract/Abstract_Modular_Battlements_Front_Right_1.0_Beige_01.prefab using Guid(157739cb136a1444a822169b4fb284f8) Importer(815301076,1909f56bfc062723c751e8b465ee728b)  -> (artifact id: '07c0d972182f0982cbbeac055a273996') in 0.019924 seconds 
========================================================================
Received Import Request.
  Time since last request: 0.000346 seconds.
  path: Assets/AxeyWorks/PolyWorks/Prefabs/Flat/Abstract/Abstract_Modular_Archway_Single_1.0_Beige_01.prefab
  artifactKey: Guid(7a5278019b14cf340996d62dd9111b7d) Importer(815301076,1909f56bfc062723c751e8b465ee728b)
Start importing Assets/AxeyWorks/PolyWorks/Prefabs/Flat/Abstract/Abstract_Modular_Archway_Single_1.0_Beige_01.prefab using Guid(7a5278019b14cf340996d62dd9111b7d) Importer(815301076,1909f56bfc062723c751e8b465ee728b)  -> (artifact id: '09197076289284baf00fe137242f0762') in 0.020171 seconds 
========================================================================
Received Import Request.
  Time since last request: 0.000345 seconds.
  path: Assets/AxeyWorks/PolyWorks/Prefabs/Flat/Abstract/Abstract_Modular_Battlements_Front_Left_1.0_Beige_01.prefab
  artifactKey: Guid(07d44e36b13b5684584aecf8798a75a0) Importer(815301076,1909f56bfc062723c751e8b465ee728b)
Start importing Assets/AxeyWorks/PolyWorks/Prefabs/Flat/Abstract/Abstract_Modular_Battlements_Front_Left_1.0_Beige_01.prefab using Guid(07d44e36b13b5684584aecf8798a75a0) Importer(815301076,1909f56bfc062723c751e8b465ee728b)  -> (artifact id: '0ed4b1c319fbd611a558ad8ffacdc206') in 0.017682 seconds 
========================================================================
Received Import Request.
  Time since last request: 0.000297 seconds.
  path: Assets/AxeyWorks/PolyWorks/Prefabs/Flat/Abstract/Abstract_Modular_Block_0.5_Green_01.prefab
  artifactKey: Guid(aaa32f0b9812f8047948a32e5bbf9641) Importer(815301076,1909f56bfc062723c751e8b465ee728b)
Start importing Assets/AxeyWorks/PolyWorks/Prefabs/Flat/Abstract/Abstract_Modular_Block_0.5_Green_01.prefab using Guid(aaa32f0b9812f8047948a32e5bbf9641) Importer(815301076,1909f56bfc062723c751e8b465ee728b)  -> (artifact id: '7f64fe616a98f353dc4b6a33c34ddcaa') in 0.022201 seconds 
========================================================================
Received Import Request.
  Time since last request: 0.000303 seconds.
  path: Assets/AxeyWorks/PolyWorks/Prefabs/Flat/Abstract/Abstract_Modular_Block_0.125_Grey_01.prefab
  artifactKey: Guid(dcd4be7c378a82b448d33ba5acc4bed2) Importer(815301076,1909f56bfc062723c751e8b465ee728b)
Start importing Assets/AxeyWorks/PolyWorks/Prefabs/Flat/Abstract/Abstract_Modular_Block_0.125_Grey_01.prefab using Guid(dcd4be7c378a82b448d33ba5acc4bed2) Importer(815301076,1909f56bfc062723c751e8b465ee728b)  -> (artifact id: '552f0c8b29c1b7488b23ccb8ac3e6b02') in 0.022847 seconds 
========================================================================
Received Import Request.
  Time since last request: 0.000282 seconds.
  path: Assets/AxeyWorks/PolyWorks/Prefabs/Flat/Abstract/Abstract_Modular_Block_1.0_Beige_01.prefab
  artifactKey: Guid(4c3bdd1a74124aa4fa669d98a18f09c0) Importer(815301076,1909f56bfc062723c751e8b465ee728b)
Start importing Assets/AxeyWorks/PolyWorks/Prefabs/Flat/Abstract/Abstract_Modular_Block_1.0_Beige_01.prefab using Guid(4c3bdd1a74124aa4fa669d98a18f09c0) Importer(815301076,1909f56bfc062723c751e8b465ee728b)  -> (artifact id: '0809f11d6bee92fb03386fd398e160d2') in 0.018878 seconds 
========================================================================
Received Import Request.
  Time since last request: 0.000301 seconds.
  path: Assets/AxeyWorks/PolyWorks/Prefabs/Flat/Abstract/Abstract_Modular_Block_1.0_Grey_01.prefab
  artifactKey: Guid(9a27c7064e65d7342b450314773f57fa) Importer(815301076,1909f56bfc062723c751e8b465ee728b)
Start importing Assets/AxeyWorks/PolyWorks/Prefabs/Flat/Abstract/Abstract_Modular_Block_1.0_Grey_01.prefab using Guid(9a27c7064e65d7342b450314773f57fa) Importer(815301076,1909f56bfc062723c751e8b465ee728b)  -> (artifact id: '6cff70ba7d6a2bcd9bf2819ca9fed7f8') in 0.019792 seconds 
========================================================================
Received Import Request.
  Time since last request: 0.000324 seconds.
  path: Assets/AxeyWorks/PolyWorks/Prefabs/Flat/Abstract/Abstract_Modular_Battlements_Back_1.0_Beige_01.prefab
  artifactKey: Guid(36dc6ab2e25a22649abbba3cb6d2cc80) Importer(815301076,1909f56bfc062723c751e8b465ee728b)
Start importing Assets/AxeyWorks/PolyWorks/Prefabs/Flat/Abstract/Abstract_Modular_Battlements_Back_1.0_Beige_01.prefab using Guid(36dc6ab2e25a22649abbba3cb6d2cc80) Importer(815301076,1909f56bfc062723c751e8b465ee728b)  -> (artifact id: 'a39b6412cbf479dff44a2849cd4e7413') in 0.018914 seconds 
========================================================================
Received Import Request.
  Time since last request: 0.000248 seconds.
  path: Assets/AxeyWorks/PolyWorks/Prefabs/Flat/Abstract/Abstract_Modular_Block_0.5_Red_01.prefab
  artifactKey: Guid(bd088188a40f67d4ba4ec1bb57a7bd26) Importer(815301076,1909f56bfc062723c751e8b465ee728b)
Start importing Assets/AxeyWorks/PolyWorks/Prefabs/Flat/Abstract/Abstract_Modular_Block_0.5_Red_01.prefab using Guid(bd088188a40f67d4ba4ec1bb57a7bd26) Importer(815301076,1909f56bfc062723c751e8b465ee728b)  -> (artifact id: 'd427cc296e918aa6b17b586ee6ea07da') in 0.022146 seconds 
========================================================================
Received Import Request.
  Time since last request: 0.000294 seconds.
  path: Assets/AxeyWorks/PolyWorks/Prefabs/Flat/Abstract/Abstract_Modular_Battlements_1.0_Beige_01.prefab
  artifactKey: Guid(c5d93cbef9eb5ac4586fe0e55ba7bf0c) Importer(815301076,1909f56bfc062723c751e8b465ee728b)
Start importing Assets/AxeyWorks/PolyWorks/Prefabs/Flat/Abstract/Abstract_Modular_Battlements_1.0_Beige_01.prefab using Guid(c5d93cbef9eb5ac4586fe0e55ba7bf0c) Importer(815301076,1909f56bfc062723c751e8b465ee728b)  -> (artifact id: 'ddcc68261ce6d1b1ec4ca91349f9ad11') in 0.018180 seconds 
========================================================================
Received Import Request.
  Time since last request: 0.000349 seconds.
  path: Assets/AxeyWorks/PolyWorks/Prefabs/Flat/Abstract/Abstract_Modular_Archway_Support_1.0_Beige_01.prefab
  artifactKey: Guid(3434fdd70a2962a4697b51d625bd18ee) Importer(815301076,1909f56bfc062723c751e8b465ee728b)
Start importing Assets/AxeyWorks/PolyWorks/Prefabs/Flat/Abstract/Abstract_Modular_Archway_Support_1.0_Beige_01.prefab using Guid(3434fdd70a2962a4697b51d625bd18ee) Importer(815301076,1909f56bfc062723c751e8b465ee728b)  -> (artifact id: 'a197de65d3bb9d5d53386b7af4b7b53f') in 0.018875 seconds 
========================================================================
Received Import Request.
  Time since last request: 0.000311 seconds.
  path: Assets/AxeyWorks/PolyWorks/Prefabs/Flat/Abstract/Abstract_Modular_Block_1.0_Pink_01.prefab
  artifactKey: Guid(e0b1863451b811942a32aeba68fe4eac) Importer(815301076,1909f56bfc062723c751e8b465ee728b)
Start importing Assets/AxeyWorks/PolyWorks/Prefabs/Flat/Abstract/Abstract_Modular_Block_1.0_Pink_01.prefab using Guid(e0b1863451b811942a32aeba68fe4eac) Importer(815301076,1909f56bfc062723c751e8b465ee728b)  -> (artifact id: '759c95ffe387c6cac3f3f3c85e9f1306') in 0.026022 seconds 
========================================================================
Received Import Request.
  Time since last request: 0.000302 seconds.
  path: Assets/AxeyWorks/PolyWorks/Prefabs/Flat/Abstract/Abstract_Modular_Block_1.5_Beige_01.prefab
  artifactKey: Guid(e9b1b61a95de9b14ebb96d9342b368d9) Importer(815301076,1909f56bfc062723c751e8b465ee728b)
Start importing Assets/AxeyWorks/PolyWorks/Prefabs/Flat/Abstract/Abstract_Modular_Block_1.5_Beige_01.prefab using Guid(e9b1b61a95de9b14ebb96d9342b368d9) Importer(815301076,1909f56bfc062723c751e8b465ee728b)  -> (artifact id: '5eab57ef471c1e42f00aa78909466d7c') in 0.018861 seconds 
========================================================================
Received Import Request.
  Time since last request: 0.000196 seconds.
  path: Assets/AxeyWorks/PolyWorks/Prefabs/Flat/Abstract/Abstract_Modular_Block_1.0_Red_01.prefab
  artifactKey: Guid(2668138e4bcf00d4988f30cd878a5b7f) Importer(815301076,1909f56bfc062723c751e8b465ee728b)
Start importing Assets/AxeyWorks/PolyWorks/Prefabs/Flat/Abstract/Abstract_Modular_Block_1.0_Red_01.prefab using Guid(2668138e4bcf00d4988f30cd878a5b7f) Importer(815301076,1909f56bfc062723c751e8b465ee728b)  -> (artifact id: '3cbe19c71918cbdf2d4b53372d65cc0b') in 0.017875 seconds 
========================================================================
Received Import Request.
  Time since last request: 0.000276 seconds.
  path: Assets/AxeyWorks/PolyWorks/Prefabs/Flat/Abstract/Abstract_Modular_Block_1.0_Green_01.prefab
  artifactKey: Guid(a337118072c74e34bb15b59039a4b91d) Importer(815301076,1909f56bfc062723c751e8b465ee728b)
Start importing Assets/AxeyWorks/PolyWorks/Prefabs/Flat/Abstract/Abstract_Modular_Block_1.0_Green_01.prefab using Guid(a337118072c74e34bb15b59039a4b91d) Importer(815301076,1909f56bfc062723c751e8b465ee728b)  -> (artifact id: '680289777f928e8b2dfae9b8f65907a3') in 0.018871 seconds 
========================================================================
Received Import Request.
  Time since last request: 0.000303 seconds.
  path: Assets/AxeyWorks/PolyWorks/Prefabs/Flat/Abstract/Abstract_Modular_Block_0.5_Orange_01.prefab
  artifactKey: Guid(06f092812cb051a45b2b88511cc6d370) Importer(815301076,1909f56bfc062723c751e8b465ee728b)
Start importing Assets/AxeyWorks/PolyWorks/Prefabs/Flat/Abstract/Abstract_Modular_Block_0.5_Orange_01.prefab using Guid(06f092812cb051a45b2b88511cc6d370) Importer(815301076,1909f56bfc062723c751e8b465ee728b)  -> (artifact id: '0e621d96f64ec246fed89dec2c74df34') in 0.017801 seconds 
========================================================================
Received Import Request.
  Time since last request: 0.000413 seconds.
  path: Assets/AxeyWorks/PolyWorks/Prefabs/Flat/Abstract/Abstract_Modular_Battlements_Left_1.0_Beige_01.prefab
  artifactKey: Guid(55f88c0c3d9a9a14b9904a8911827957) Importer(815301076,1909f56bfc062723c751e8b465ee728b)
Start importing Assets/AxeyWorks/PolyWorks/Prefabs/Flat/Abstract/Abstract_Modular_Battlements_Left_1.0_Beige_01.prefab using Guid(55f88c0c3d9a9a14b9904a8911827957) Importer(815301076,1909f56bfc062723c751e8b465ee728b)  -> (artifact id: '9cf47a4e27f1e02f2134553648995003') in 0.017674 seconds 
========================================================================
Received Import Request.
  Time since last request: 0.000272 seconds.
  path: Assets/AxeyWorks/PolyWorks/Prefabs/Flat/Abstract/Abstract_Modular_Archway_Dual_1.0_Beige_01.prefab
  artifactKey: Guid(94f5bb62c8328124faa461193d2d8fc2) Importer(815301076,1909f56bfc062723c751e8b465ee728b)
Start importing Assets/AxeyWorks/PolyWorks/Prefabs/Flat/Abstract/Abstract_Modular_Archway_Dual_1.0_Beige_01.prefab using Guid(94f5bb62c8328124faa461193d2d8fc2) Importer(815301076,1909f56bfc062723c751e8b465ee728b)  -> (artifact id: '1512411b7efd2f9dd6e72bb7c587f351') in 0.017811 seconds 
========================================================================
Received Import Request.
  Time since last request: 0.000291 seconds.
  path: Assets/AxeyWorks/PolyWorks/Prefabs/Flat/Abstract/Abstract_Modular_Block_0.5_Blue_01.prefab
  artifactKey: Guid(5959c79fab1234049927e6ea6c39bd15) Importer(815301076,1909f56bfc062723c751e8b465ee728b)
Start importing Assets/AxeyWorks/PolyWorks/Prefabs/Flat/Abstract/Abstract_Modular_Block_0.5_Blue_01.prefab using Guid(5959c79fab1234049927e6ea6c39bd15) Importer(815301076,1909f56bfc062723c751e8b465ee728b)  -> (artifact id: '3d8f733e98340975020fd562679daad0') in 0.021957 seconds 
========================================================================
Received Import Request.
  Time since last request: 0.000300 seconds.
  path: Assets/AxeyWorks/PolyWorks/Prefabs/Flat/Abstract/Abstract_Modular_Block_0.5_Beige_01.prefab
  artifactKey: Guid(3614f00d1cf0f4c4f88f064791f9b3fd) Importer(815301076,1909f56bfc062723c751e8b465ee728b)
Start importing Assets/AxeyWorks/PolyWorks/Prefabs/Flat/Abstract/Abstract_Modular_Block_0.5_Beige_01.prefab using Guid(3614f00d1cf0f4c4f88f064791f9b3fd) Importer(815301076,1909f56bfc062723c751e8b465ee728b)  -> (artifact id: '7cc2ab885705b9e7622f0635dd34b772') in 0.016944 seconds 
========================================================================
Received Import Request.
  Time since last request: 0.000293 seconds.
  path: Assets/AxeyWorks/PolyWorks/Prefabs/Flat/Abstract/Abstract_Modular_Battlements_Front_1.0_Beige_01.prefab
  artifactKey: Guid(2ec1dedf66ed8dd4ea5de713bc10c345) Importer(815301076,1909f56bfc062723c751e8b465ee728b)
Start importing Assets/AxeyWorks/PolyWorks/Prefabs/Flat/Abstract/Abstract_Modular_Battlements_Front_1.0_Beige_01.prefab using Guid(2ec1dedf66ed8dd4ea5de713bc10c345) Importer(815301076,1909f56bfc062723c751e8b465ee728b)  -> (artifact id: '72302e223127b2f4eb1f7fcd4875ca39') in 0.017893 seconds 
========================================================================
Received Import Request.
  Time since last request: 0.000389 seconds.
  path: Assets/AxeyWorks/PolyWorks/Prefabs/Flat/Abstract/Abstract_Modular_Battlements_Left_Tall_1.0_Beige_01.prefab
  artifactKey: Guid(28cc02e46674c994e921fd9c9850f4f7) Importer(815301076,1909f56bfc062723c751e8b465ee728b)
Start importing Assets/AxeyWorks/PolyWorks/Prefabs/Flat/Abstract/Abstract_Modular_Battlements_Left_Tall_1.0_Beige_01.prefab using Guid(28cc02e46674c994e921fd9c9850f4f7) Importer(815301076,1909f56bfc062723c751e8b465ee728b)  -> (artifact id: '006e394f8b98a8e3a95b63b4c1a52c23') in 0.020551 seconds 
========================================================================
Received Import Request.
  Time since last request: 0.000233 seconds.
  path: Assets/AxeyWorks/PolyWorks/Prefabs/Flat/Abstract/Abstract_Modular_Battlements_Right_1.0_Beige_01.prefab
  artifactKey: Guid(06011b1571b312945a8beb76ce433a63) Importer(815301076,1909f56bfc062723c751e8b465ee728b)
Start importing Assets/AxeyWorks/PolyWorks/Prefabs/Flat/Abstract/Abstract_Modular_Battlements_Right_1.0_Beige_01.prefab using Guid(06011b1571b312945a8beb76ce433a63) Importer(815301076,1909f56bfc062723c751e8b465ee728b)  -> (artifact id: 'c5894bab6facec3f01b55e65cb65f4b3') in 0.018091 seconds 
========================================================================
Received Import Request.
  Time since last request: 0.000306 seconds.
  path: Assets/AxeyWorks/PolyWorks/Prefabs/Flat/Abstract/Abstract_Modular_Block_0.5_Grey_01.prefab
  artifactKey: Guid(8315f6d8797eb104eae80c9e83f50396) Importer(815301076,1909f56bfc062723c751e8b465ee728b)
Start importing Assets/AxeyWorks/PolyWorks/Prefabs/Flat/Abstract/Abstract_Modular_Block_0.5_Grey_01.prefab using Guid(8315f6d8797eb104eae80c9e83f50396) Importer(815301076,1909f56bfc062723c751e8b465ee728b)  -> (artifact id: '5b1e8b8b9003d44fdebfb9ac6180b3db') in 0.018446 seconds 
========================================================================
Received Import Request.
  Time since last request: 0.000302 seconds.
  path: Assets/AxeyWorks/PolyWorks/Prefabs/Flat/Abstract/Abstract_Modular_Battlements_Front_Left_Tall_1.0_Beige_01.prefab
  artifactKey: Guid(f30499b40817bfc488a16f4cba40fca3) Importer(815301076,1909f56bfc062723c751e8b465ee728b)
Start importing Assets/AxeyWorks/PolyWorks/Prefabs/Flat/Abstract/Abstract_Modular_Battlements_Front_Left_Tall_1.0_Beige_01.prefab using Guid(f30499b40817bfc488a16f4cba40fca3) Importer(815301076,1909f56bfc062723c751e8b465ee728b)  -> (artifact id: 'f223f200fff0c31e0e163d40be7a9be1') in 0.015995 seconds 
========================================================================
Received Import Request.
  Time since last request: 0.000278 seconds.
  path: Assets/AxeyWorks/PolyWorks/Prefabs/Flat/Abstract/Abstract_Modular_Block_1.0_Orange_01.prefab
  artifactKey: Guid(3f5c7650710bc874bb1a29fdd5688c70) Importer(815301076,1909f56bfc062723c751e8b465ee728b)
Start importing Assets/AxeyWorks/PolyWorks/Prefabs/Flat/Abstract/Abstract_Modular_Block_1.0_Orange_01.prefab using Guid(3f5c7650710bc874bb1a29fdd5688c70) Importer(815301076,1909f56bfc062723c751e8b465ee728b)  -> (artifact id: '700a9a1ce4c032685ed9dd193e401b1d') in 0.014757 seconds 
========================================================================
Received Import Request.
  Time since last request: 0.000270 seconds.
  path: Assets/AxeyWorks/PolyWorks/Prefabs/Flat/Abstract/Abstract_Modular_Battlements_Back_Left_Tall_1.0_Beige_01.prefab
  artifactKey: Guid(d959504e8f802674fa2098df654114b2) Importer(815301076,1909f56bfc062723c751e8b465ee728b)
Start importing Assets/AxeyWorks/PolyWorks/Prefabs/Flat/Abstract/Abstract_Modular_Battlements_Back_Left_Tall_1.0_Beige_01.prefab using Guid(d959504e8f802674fa2098df654114b2) Importer(815301076,1909f56bfc062723c751e8b465ee728b)  -> (artifact id: '41dd4289e2e76afe379aa736f57d411c') in 0.015455 seconds 
========================================================================
Received Import Request.
  Time since last request: 0.000271 seconds.
  path: Assets/AxeyWorks/PolyWorks/Prefabs/Flat/Abstract/Abstract_Modular_Block_0.125_Blue_01.prefab
  artifactKey: Guid(fe242db97abea8e4ea54c8b1452a8e88) Importer(815301076,1909f56bfc062723c751e8b465ee728b)
Start importing Assets/AxeyWorks/PolyWorks/Prefabs/Flat/Abstract/Abstract_Modular_Block_0.125_Blue_01.prefab using Guid(fe242db97abea8e4ea54c8b1452a8e88) Importer(815301076,1909f56bfc062723c751e8b465ee728b)  -> (artifact id: 'a58d8d4cee848f645498328bf63bf5e4') in 0.017217 seconds 
========================================================================
Received Import Request.
  Time since last request: 0.000264 seconds.
  path: Assets/AxeyWorks/PolyWorks/Prefabs/Flat/Abstract/Abstract_Modular_Battlements_Front_Tall_1.0_Beige_01.prefab
  artifactKey: Guid(f42078ff63d3af646a8efc54f6c04177) Importer(815301076,1909f56bfc062723c751e8b465ee728b)
Start importing Assets/AxeyWorks/PolyWorks/Prefabs/Flat/Abstract/Abstract_Modular_Battlements_Front_Tall_1.0_Beige_01.prefab using Guid(f42078ff63d3af646a8efc54f6c04177) Importer(815301076,1909f56bfc062723c751e8b465ee728b)  -> (artifact id: '6c372552595735e72c169feebc8c1e0b') in 0.018216 seconds 
========================================================================
Received Import Request.
  Time since last request: 0.000300 seconds.
  path: Assets/AxeyWorks/PolyWorks/Prefabs/Flat/Abstract/Abstract_Modular_Block_0.125_Pink_01.prefab
  artifactKey: Guid(7aad02df878b0a849a85323fa5c5e0e5) Importer(815301076,1909f56bfc062723c751e8b465ee728b)
Start importing Assets/AxeyWorks/PolyWorks/Prefabs/Flat/Abstract/Abstract_Modular_Block_0.125_Pink_01.prefab using Guid(7aad02df878b0a849a85323fa5c5e0e5) Importer(815301076,1909f56bfc062723c751e8b465ee728b)  -> (artifact id: '72f047b766a655c2312f2ce2d9139e53') in 0.015369 seconds 
========================================================================
Received Import Request.
  Time since last request: 0.000276 seconds.
  path: Assets/AxeyWorks/PolyWorks/Prefabs/Flat/Abstract/Abstract_Modular_Archway_Single_1.5_Beige_01.prefab
  artifactKey: Guid(79e6bc7deab609049991e4756231b25d) Importer(815301076,1909f56bfc062723c751e8b465ee728b)
Start importing Assets/AxeyWorks/PolyWorks/Prefabs/Flat/Abstract/Abstract_Modular_Archway_Single_1.5_Beige_01.prefab using Guid(79e6bc7deab609049991e4756231b25d) Importer(815301076,1909f56bfc062723c751e8b465ee728b)  -> (artifact id: 'bf2c53c381ebd8058fcdb995843bf2a0') in 0.017378 seconds 
========================================================================
Received Import Request.
  Time since last request: 0.000268 seconds.
  path: Assets/AxeyWorks/PolyWorks/Prefabs/Flat/Abstract/Abstract_Modular_Battlements_Back_Tall_1.0_Beige_01.prefab
  artifactKey: Guid(6806111584097e943b33dde7f17b7dd4) Importer(815301076,1909f56bfc062723c751e8b465ee728b)
Start importing Assets/AxeyWorks/PolyWorks/Prefabs/Flat/Abstract/Abstract_Modular_Battlements_Back_Tall_1.0_Beige_01.prefab using Guid(6806111584097e943b33dde7f17b7dd4) Importer(815301076,1909f56bfc062723c751e8b465ee728b)  -> (artifact id: 'f724c5baa01308c3c0c088164381a2bf') in 0.016378 seconds 
========================================================================
Received Import Request.
  Time since last request: 0.000333 seconds.
  path: Assets/AxeyWorks/PolyWorks/Prefabs/Flat/Abstract/Abstract_Modular_Block_1.0_Blue_01.prefab
  artifactKey: Guid(7eb7f3e2aaeed904caaf69b25050f938) Importer(815301076,1909f56bfc062723c751e8b465ee728b)
Start importing Assets/AxeyWorks/PolyWorks/Prefabs/Flat/Abstract/Abstract_Modular_Block_1.0_Blue_01.prefab using Guid(7eb7f3e2aaeed904caaf69b25050f938) Importer(815301076,1909f56bfc062723c751e8b465ee728b)  -> (artifact id: '51af21a2073079b551ba4b7171c6467a') in 0.016577 seconds 
========================================================================
Received Import Request.
  Time since last request: 0.000341 seconds.
  path: Assets/AxeyWorks/PolyWorks/Prefabs/Flat/Abstract/Abstract_Modular_Battlements_Back_Right_Tall_1.0_Beige_01.prefab
  artifactKey: Guid(bb8103339f1a5de44b3f90c9c4461304) Importer(815301076,1909f56bfc062723c751e8b465ee728b)
Start importing Assets/AxeyWorks/PolyWorks/Prefabs/Flat/Abstract/Abstract_Modular_Battlements_Back_Right_Tall_1.0_Beige_01.prefab using Guid(bb8103339f1a5de44b3f90c9c4461304) Importer(815301076,1909f56bfc062723c751e8b465ee728b)  -> (artifact id: 'cb231202e6f48fd7eadd685700d5e30b') in 0.015848 seconds 
========================================================================
Received Import Request.
  Time since last request: 0.000283 seconds.
  path: Assets/AxeyWorks/PolyWorks/Prefabs/Flat/Abstract/Abstract_Modular_Battlements_Front_Right_Tall_1.0_Beige_01.prefab
  artifactKey: Guid(ff27063f18763134aa397020fc23ccfe) Importer(815301076,1909f56bfc062723c751e8b465ee728b)
Start importing Assets/AxeyWorks/PolyWorks/Prefabs/Flat/Abstract/Abstract_Modular_Battlements_Front_Right_Tall_1.0_Beige_01.prefab using Guid(ff27063f18763134aa397020fc23ccfe) Importer(815301076,1909f56bfc062723c751e8b465ee728b)  -> (artifact id: '58623237f680efcd48f33575ca3db221') in 0.022533 seconds 
========================================================================
Received Import Request.
  Time since last request: 0.000349 seconds.
  path: Assets/AxeyWorks/PolyWorks/Prefabs/Flat/Abstract/Abstract_Modular_Alcove_Base_1.0_Beige_01.prefab
  artifactKey: Guid(5053ccfae77884e4fb9200212b8c3507) Importer(815301076,1909f56bfc062723c751e8b465ee728b)
Start importing Assets/AxeyWorks/PolyWorks/Prefabs/Flat/Abstract/Abstract_Modular_Alcove_Base_1.0_Beige_01.prefab using Guid(5053ccfae77884e4fb9200212b8c3507) Importer(815301076,1909f56bfc062723c751e8b465ee728b)  -> (artifact id: 'c4a0499a75b66892b26b655eff29c818') in 0.038419 seconds 
========================================================================
Received Import Request.
  Time since last request: 0.000321 seconds.
  path: Assets/AxeyWorks/PolyWorks/Prefabs/Flat/Abstract/Abstract_Modular_Battlements_Back_Left_1.0_Beige_01.prefab
  artifactKey: Guid(f20cab4dc43c1024c9c7a7d931df1150) Importer(815301076,1909f56bfc062723c751e8b465ee728b)
Start importing Assets/AxeyWorks/PolyWorks/Prefabs/Flat/Abstract/Abstract_Modular_Battlements_Back_Left_1.0_Beige_01.prefab using Guid(f20cab4dc43c1024c9c7a7d931df1150) Importer(815301076,1909f56bfc062723c751e8b465ee728b)  -> (artifact id: 'c58def59e803f4f89aa3ae4f7acbea97') in 0.023710 seconds 
========================================================================
Received Import Request.
  Time since last request: 0.000280 seconds.
  path: Assets/AxeyWorks/PolyWorks/Prefabs/Flat/Abstract/Abstract_Modular_Block_0.125_Green_01.prefab
  artifactKey: Guid(bafc6265d16eb05489566c384f8eeb06) Importer(815301076,1909f56bfc062723c751e8b465ee728b)
Start importing Assets/AxeyWorks/PolyWorks/Prefabs/Flat/Abstract/Abstract_Modular_Block_0.125_Green_01.prefab using Guid(bafc6265d16eb05489566c384f8eeb06) Importer(815301076,1909f56bfc062723c751e8b465ee728b)  -> (artifact id: '82ba2117f8846697b16e6cd9cd7b4507') in 0.021695 seconds 
========================================================================
Received Import Request.
  Time since last request: 0.000239 seconds.
  path: Assets/AxeyWorks/PolyWorks/Prefabs/Flat/Abstract/Abstract_Modular_Block_0.5_Pink_01.prefab
  artifactKey: Guid(31cd7ced9d9e38d45a778f7c5a701621) Importer(815301076,1909f56bfc062723c751e8b465ee728b)
Start importing Assets/AxeyWorks/PolyWorks/Prefabs/Flat/Abstract/Abstract_Modular_Block_0.5_Pink_01.prefab using Guid(31cd7ced9d9e38d45a778f7c5a701621) Importer(815301076,1909f56bfc062723c751e8b465ee728b)  -> (artifact id: '8c430ea9880121571372b0011d0a178d') in 0.020740 seconds 
